This is pdfTeX, Version 3.14159265-2.6-1.40.16 (TeX Live 2015) (preloaded format=pdflatex 2015.12.4)  29 JUL 2016 17:20
entering extended mode
 restricted \write18 enabled.
 file:line:error style messages enabled.
 %&-line parsing enabled.
**note.tex
(./note.tex
LaTeX2e <2015/01/01>
Babel <3.9l> and hyphenation patterns for 79 languages loaded.
(./amsbook.cls
Document Class: amsbook 1997/03/26 v1.2r
\linespacing=\dimen102
\normalparindent=\dimen103
\normaltopskip=\skip41
(/usr/local/texlive/2015/texmf-dist/tex/latex/amsmath/amsgen.sty
File: amsgen.sty 1999/11/30 v2.0
\@emptytoks=\toks14
\ex@=\dimen104
)
(/usr/local/texlive/2015/texmf-dist/tex/latex/amsmath/amsmath.sty
Package: amsmath 2013/01/14 v2.14 AMS math features
\@mathmargin=\skip42

For additional information on amsmath, use the `?' option.
(/usr/local/texlive/2015/texmf-dist/tex/latex/amsmath/amstext.sty
Package: amstext 2000/06/29 v2.01
)
(/usr/local/texlive/2015/texmf-dist/tex/latex/amsmath/amsbsy.sty
Package: amsbsy 1999/11/29 v1.2d
\pmbraise@=\dimen105
)
(/usr/local/texlive/2015/texmf-dist/tex/latex/amsmath/amsopn.sty
Package: amsopn 1999/12/14 v2.01 operator names
)
\inf@bad=\count79
LaTeX Info: Redefining \frac on input line 210.
\uproot@=\count80
\leftroot@=\count81
LaTeX Info: Redefining \overline on input line 306.
\classnum@=\count82
\DOTSCASE@=\count83
LaTeX Info: Redefining \ldots on input line 378.
LaTeX Info: Redefining \dots on input line 381.
LaTeX Info: Redefining \cdots on input line 466.
\Mathstrutbox@=\box26
\strutbox@=\box27
\big@size=\dimen106
LaTeX Font Info:    Redeclaring font encoding OML on input line 566.
LaTeX Font Info:    Redeclaring font encoding OMS on input line 567.
\macc@depth=\count84
\c@MaxMatrixCols=\count85
\dotsspace@=\muskip10
\c@parentequation=\count86
\dspbrk@lvl=\count87
\tag@help=\toks15
\row@=\count88
\column@=\count89
\maxfields@=\count90
\andhelp@=\toks16
\eqnshift@=\dimen107
\alignsep@=\dimen108
\tagshift@=\dimen109
\tagwidth@=\dimen110
\totwidth@=\dimen111
\lineht@=\dimen112
\@envbody=\toks17
\multlinegap=\skip43
\multlinetaggap=\skip44
\mathdisplay@stack=\toks18
LaTeX Info: Redefining \[ on input line 2665.
LaTeX Info: Redefining \] on input line 2666.
)
LaTeX Font Info:    Try loading font information for U+msa on input line 371.

(/usr/local/texlive/2015/texmf-dist/tex/latex/amsfonts/umsa.fd
File: umsa.fd 2013/01/14 v3.01 AMS symbols A
)
(/usr/local/texlive/2015/texmf-dist/tex/latex/amsfonts/amsfonts.sty
Package: amsfonts 2013/01/14 v3.01 Basic AMSFonts support
\symAMSa=\mathgroup4
\symAMSb=\mathgroup5
LaTeX Font Info:    Overwriting math alphabet `\mathfrak' in version `bold'
(Font)                  U/euf/m/n --> U/euf/b/n on input line 106.
)
\abstractbox=\box28
\listisep=\skip45
\c@part=\count91
\c@chapter=\count92
\c@section=\count93
\c@subsection=\count94
\c@subsubsection=\count95
\c@paragraph=\count96
\c@figure=\count97
\c@table=\count98
\abovecaptionskip=\skip46
\belowcaptionskip=\skip47
\captionindent=\dimen113

(/usr/local/texlive/2015/texmf-dist/tex/latex/amscls/amsthm.sty
Package: amsthm 2015/03/04 v2.20.2
\thm@style=\toks19
\thm@bodyfont=\toks20
\thm@headfont=\toks21
\thm@notefont=\toks22
\thm@headpunct=\toks23
\thm@preskip=\skip48
\thm@postskip=\skip49
\thm@headsep=\skip50
\dth@everypar=\toks24
))
(./fullpage.sty
Using full size pages: 'fullpage' documentstyle option
) (/usr/local/texlive/2015/texmf-dist/tex/latex/amsfonts/amssymb.sty
Package: amssymb 2013/01/14 v3.01 AMS font symbols
)
(/usr/local/texlive/2015/texmf-dist/tex/latex/tools/longtable.sty
Package: longtable 2014/10/28 v4.11 Multi-page Table package (DPC)
\LTleft=\skip51
\LTright=\skip52
\LTpre=\skip53
\LTpost=\skip54
\LTchunksize=\count99
\LTcapwidth=\dimen114
\LT@head=\box29
\LT@firsthead=\box30
\LT@foot=\box31
\LT@lastfoot=\box32
\LT@cols=\count100
\LT@rows=\count101
\c@LT@tables=\count102
\c@LT@chunks=\count103
\LT@p@ftn=\toks25
)
(/usr/local/texlive/2015/texmf-dist/tex/latex/graphics/graphicx.sty
Package: graphicx 2014/10/28 v1.0g Enhanced LaTeX Graphics (DPC,SPQR)

(/usr/local/texlive/2015/texmf-dist/tex/latex/graphics/keyval.sty
Package: keyval 2014/10/28 v1.15 key=value parser (DPC)
\KV@toks@=\toks26
)
(/usr/local/texlive/2015/texmf-dist/tex/latex/graphics/graphics.sty
Package: graphics 2014/10/28 v1.0p Standard LaTeX Graphics (DPC,SPQR)

(/usr/local/texlive/2015/texmf-dist/tex/latex/graphics/trig.sty
Package: trig 1999/03/16 v1.09 sin cos tan (DPC)
)
(/usr/local/texlive/2015/texmf-dist/tex/latex/latexconfig/graphics.cfg
File: graphics.cfg 2010/04/23 v1.9 graphics configuration of TeX Live
)
Package graphics Info: Driver file: pdftex.def on input line 94.

(/usr/local/texlive/2015/texmf-dist/tex/latex/pdftex-def/pdftex.def
File: pdftex.def 2011/05/27 v0.06d Graphics/color for pdfTeX

(/usr/local/texlive/2015/texmf-dist/tex/generic/oberdiek/infwarerr.sty
Package: infwarerr 2010/04/08 v1.3 Providing info/warning/error messages (HO)
)
(/usr/local/texlive/2015/texmf-dist/tex/generic/oberdiek/ltxcmds.sty
Package: ltxcmds 2011/11/09 v1.22 LaTeX kernel commands for general use (HO)
)
\Gread@gobject=\count104
))
\Gin@req@height=\dimen115
\Gin@req@width=\dimen116
)
(/usr/local/texlive/2015/texmf-dist/tex/latex/adjustbox/adjustbox.sty
Package: adjustbox 2012/05/21 v1.0 Adjusting TeX boxes (trim, clip, ...)

(/usr/local/texlive/2015/texmf-dist/tex/latex/xkeyval/xkeyval.sty
Package: xkeyval 2014/12/03 v2.7a package option processing (HA)

(/usr/local/texlive/2015/texmf-dist/tex/generic/xkeyval/xkeyval.tex
(/usr/local/texlive/2015/texmf-dist/tex/generic/xkeyval/xkvutils.tex
\XKV@toks=\toks27
\XKV@tempa@toks=\toks28
)
\XKV@depth=\count105
File: xkeyval.tex 2014/12/03 v2.7a key=value parser (HA)
))
(/usr/local/texlive/2015/texmf-dist/tex/latex/adjustbox/adjcalc.sty
Package: adjcalc 2012/05/16 v1.1 Provides advanced setlength with multiple back
-ends (calc, etex, pgfmath)
)
(/usr/local/texlive/2015/texmf-dist/tex/latex/adjustbox/trimclip.sty
Package: trimclip 2012/05/16 v1.0 Trim and clip general TeX material

(/usr/local/texlive/2015/texmf-dist/tex/latex/collectbox/collectbox.sty
Package: collectbox 2012/05/17 v0.4b Collect macro arguments as boxes
\collectedbox=\box33
)
\tc@llx=\dimen117
\tc@lly=\dimen118
\tc@urx=\dimen119
\tc@ury=\dimen120
Package trimclip Info: Using driver 'tc-pdftex.def'.

(/usr/local/texlive/2015/texmf-dist/tex/latex/adjustbox/tc-pdftex.def
File: tc-pdftex.def 2012/05/13 v1.0 Clipping driver for pdftex
))
\adjbox@Width=\dimen121
\adjbox@Height=\dimen122
\adjbox@Depth=\dimen123
\adjbox@Totalheight=\dimen124

(/usr/local/texlive/2015/texmf-dist/tex/latex/ifoddpage/ifoddpage.sty
Package: ifoddpage 2011/09/13 v1.0 Conditionals for odd/even page detection
\c@checkoddpage=\count106
)
(/usr/local/texlive/2015/texmf-dist/tex/latex/varwidth/varwidth.sty
Package: varwidth 2009/03/30 ver 0.92;  Variable-width minipages
\@vwid@box=\box34
\sift@deathcycles=\count107
\@vwid@loff=\dimen125
\@vwid@roff=\dimen126
))
(/usr/local/texlive/2015/texmf-dist/tex/latex/cite/cite.sty
LaTeX Info: Redefining \cite on input line 302.
LaTeX Info: Redefining \nocite on input line 332.
Package: cite 2015/02/27  v 5.5
)
(/usr/local/texlive/2015/texmf-dist/tex/latex/caption/subcaption.sty
Package: subcaption 2013/02/03 v1.1-62 Sub-captions (AR)

(/usr/local/texlive/2015/texmf-dist/tex/latex/caption/caption.sty
Package: caption 2013/05/02 v3.3-89 Customizing captions (AR)

(/usr/local/texlive/2015/texmf-dist/tex/latex/caption/caption3.sty
Package: caption3 2013/05/02 v1.6-88 caption3 kernel (AR)
Package caption3 Info: TeX engine: e-TeX on input line 57.
\captionmargin=\dimen127
\captionmargin@=\dimen128
\captionwidth=\dimen129
\caption@tempdima=\dimen130
\caption@indent=\dimen131
\caption@parindent=\dimen132
\caption@hangindent=\dimen133
Package caption Info: Unknown document class (or package),
(caption)             standard defaults will be used.
)

Package caption Warning: Unsupported document class (or package) detected,
(caption)                usage of the caption package is not recommended.
See the caption package documentation for explanation.

Package caption Info: \@makecaption = \long macro:#1#2->\setbox \@tempboxa \vbo
x {\color@setgroup \advance \hsize -2\captionindent \noindent \@captionfont \@c
aptionheadfont #1\@xp \@ifnotempty \@xp {\@cdr #2\@nil }{.\@captionfont \upshap
e \enspace #2}\unskip \kern -2\captionindent \par \global \setbox \@ne \lastbox
 \color@endgroup }\ifhbox \@ne \setbox \@ne \hbox {\unhbox \@ne \unskip \unskip
 \unpenalty \unkern }\fi \ifdim \wd \@tempboxa =\z@ \setbox \@ne \hbox to\colum
nwidth {\hss \kern -2\captionindent \box \@ne \hss }\else \setbox \@ne \vbox {\
unvbox \@tempboxa \parskip \z@skip \noindent \unhbox \@ne \advance \hsize -2\ca
ptionindent \par }\fi \ifnum \@tempcnta <64 \addvspace \abovecaptionskip \mover
ight \captionindent \box \@ne \else \moveright \captionindent \box \@ne \nobrea
k \vskip \belowcaptionskip \fi \relax .
Package caption Info: AMS or SMF document class.
\c@ContinuedFloat=\count108
Package caption Info: longtable package is loaded.
(/usr/local/texlive/2015/texmf-dist/tex/latex/caption/ltcaption.sty
Package: ltcaption 2013/02/03 v1.3-62 longtable captions (AR)
))
\c@subfigure=\count109
\c@subtable=\count110
)
\c@theorem=\count111

(./note.aux

LaTeX Warning: Label `par' multiply defined.

)
\openout1 = `note.aux'.

LaTeX Font Info:    Checking defaults for OML/cmm/m/it on input line 75.
LaTeX Font Info:    ... okay on input line 75.
LaTeX Font Info:    Checking defaults for T1/cmr/m/n on input line 75.
LaTeX Font Info:    ... okay on input line 75.
LaTeX Font Info:    Checking defaults for OT1/cmr/m/n on input line 75.
LaTeX Font Info:    ... okay on input line 75.
LaTeX Font Info:    Checking defaults for OMS/cmsy/m/n on input line 75.
LaTeX Font Info:    ... okay on input line 75.
LaTeX Font Info:    Checking defaults for OMX/cmex/m/n on input line 75.
LaTeX Font Info:    ... okay on input line 75.
LaTeX Font Info:    Checking defaults for U/cmr/m/n on input line 75.
LaTeX Font Info:    ... okay on input line 75.
LaTeX Font Info:    Try loading font information for U+msa on input line 75.
 (/usr/local/texlive/2015/texmf-dist/tex/latex/amsfonts/umsa.fd
File: umsa.fd 2013/01/14 v3.01 AMS symbols A
)
LaTeX Font Info:    Try loading font information for U+msb on input line 75.

(/usr/local/texlive/2015/texmf-dist/tex/latex/amsfonts/umsb.fd
File: umsb.fd 2013/01/14 v3.01 AMS symbols B
)
(/usr/local/texlive/2015/texmf-dist/tex/context/base/supp-pdf.mkii
[Loading MPS to PDF converter (version 2006.09.02).]
\scratchcounter=\count112
\scratchdimen=\dimen134
\scratchbox=\box35
\nofMPsegments=\count113
\nofMParguments=\count114
\everyMPshowfont=\toks29
\MPscratchCnt=\count115
\MPscratchDim=\dimen135
\MPnumerator=\count116
\makeMPintoPDFobject=\count117
\everyMPtoPDFconversion=\toks30
) (/usr/local/texlive/2015/texmf-dist/tex/generic/oberdiek/pdftexcmds.sty
Package: pdftexcmds 2011/11/29 v0.20 Utility functions of pdfTeX for LuaTeX (HO
)

(/usr/local/texlive/2015/texmf-dist/tex/generic/oberdiek/ifluatex.sty
Package: ifluatex 2010/03/01 v1.3 Provides the ifluatex switch (HO)
Package ifluatex Info: LuaTeX not detected.
)
(/usr/local/texlive/2015/texmf-dist/tex/generic/oberdiek/ifpdf.sty
Package: ifpdf 2011/01/30 v2.3 Provides the ifpdf switch (HO)
Package ifpdf Info: pdfTeX in PDF mode is detected.
)
Package pdftexcmds Info: LuaTeX not detected.
Package pdftexcmds Info: \pdf@primitive is available.
Package pdftexcmds Info: \pdf@ifprimitive is available.
Package pdftexcmds Info: \pdfdraftmode found.
)
(/usr/local/texlive/2015/texmf-dist/tex/latex/oberdiek/epstopdf-base.sty
Package: epstopdf-base 2010/02/09 v2.5 Base part for package epstopdf

(/usr/local/texlive/2015/texmf-dist/tex/latex/oberdiek/grfext.sty
Package: grfext 2010/08/19 v1.1 Manage graphics extensions (HO)

(/usr/local/texlive/2015/texmf-dist/tex/generic/oberdiek/kvdefinekeys.sty
Package: kvdefinekeys 2011/04/07 v1.3 Define keys (HO)
))
(/usr/local/texlive/2015/texmf-dist/tex/latex/oberdiek/kvoptions.sty
Package: kvoptions 2011/06/30 v3.11 Key value format for package options (HO)

(/usr/local/texlive/2015/texmf-dist/tex/generic/oberdiek/kvsetkeys.sty
Package: kvsetkeys 2012/04/25 v1.16 Key value parser (HO)

(/usr/local/texlive/2015/texmf-dist/tex/generic/oberdiek/etexcmds.sty
Package: etexcmds 2011/02/16 v1.5 Avoid name clashes with e-TeX commands (HO)
Package etexcmds Info: Could not find \expanded.
(etexcmds)             That can mean that you are not using pdfTeX 1.50 or
(etexcmds)             that some package has redefined \expanded.
(etexcmds)             In the latter case, load this package earlier.
)))
Package grfext Info: Graphics extension search list:
(grfext)             [.png,.pdf,.jpg,.mps,.jpeg,.jbig2,.jb2,.PNG,.PDF,.JPG,.JPE
G,.JBIG2,.JB2,.eps]
(grfext)             \AppendGraphicsExtensions on input line 452.

(/usr/local/texlive/2015/texmf-dist/tex/latex/latexconfig/epstopdf-sys.cfg
File: epstopdf-sys.cfg 2010/07/13 v1.3 Configuration of (r)epstopdf for TeX Liv
e
))
Package caption Info: Begin \AtBeginDocument code.
Package caption Info: End \AtBeginDocument code.

(./title.tex) [1{/usr/local/texlive/2015/texmf-var/fonts/map/pdftex/updmap/pdft
ex.map}] <dalitzEtaPrime.pdf, id=12, 569.12625pt x 385.44pt>
File: dalitzEtaPrime.pdf Graphic file (type pdf)

<use dalitzEtaPrime.pdf>
Package pdftex.def Info: dalitzEtaPrime.pdf used on input line 104.
(pdftex.def)             Requested size: 341.44365pt x 227.61935pt.
 [1 <./dalitzEtaPrime.pdf>]
Missing character: There is no ± in font cmr12!
 [2] [3] [4] [5] [6]
[7] <vertex.pdf, id=46, 569.12625pt x 632.3625pt>
File: vertex.pdf Graphic file (type pdf)
 <use vertex.pdf>
Package pdftex.def Info: vertex.pdf used on input line 281.
(pdftex.def)             Requested size: 377.25711pt x 419.16621pt.
 [8]
<timing.pdf, id=51, 569.12625pt x 630.355pt>
File: timing.pdf Graphic file (type pdf)
 <use timing.pdf>
Package pdftex.def Info: timing.pdf used on input line 304.
(pdftex.def)             Requested size: 378.45552pt x 419.16621pt.

Underfull \vbox (badness 6792) has occurred while \output is active []

 [9 <./vertex.pdf>] [10 <./timing.pdf>]
<Pulls_nothing.pdf, id=144, 569.12625pt x 295.1025pt>
File: Pulls_nothing.pdf Graphic file (type pdf)
 <use Pulls_nothing.pdf>
Package pdftex.def Info: Pulls_nothing.pdf used on input line 321.
(pdftex.def)             Requested size: 341.44365pt x 284.53346pt.

<SIM_Pulls_nothing.pdf, id=145, 569.12625pt x 382.42876pt>
File: SIM_Pulls_nothing.pdf Graphic file (type pdf)

<use SIM_Pulls_nothing.pdf>
Package pdftex.def Info: SIM_Pulls_nothing.pdf used on input line 328.
(pdftex.def)             Requested size: 341.44365pt x 284.53922pt.

<Prob_etafit.pdf, id=146, 569.12625pt x 295.1025pt>
File: Prob_etafit.pdf Graphic file (type pdf)
 <use Prob_etafit.pdf>
Package pdftex.def Info: Prob_etafit.pdf used on input line 410.
(pdftex.def)             Requested size: 341.44365pt x 227.62587pt.

[11]

LaTeX Warning: No positions in optional float specifier.
               Default added (so using `tbp') on input line 425.

LaTeX Font Info:    Try loading font information for OML+cmr on input line 437.

(/usr/local/texlive/2015/texmf-dist/tex/latex/base/omlcmr.fd
File: omlcmr.fd 2014/09/29 v2.5h Standard LaTeX font definitions
)
LaTeX Font Info:    Font shape `OML/cmr/m/n' in size <12> not available
(Font)              Font shape `OML/cmm/m/it' tried instead on input line 437.

Underfull \vbox (badness 7468) has occurred while \output is active []

 [12 <./Pulls_nothing.pdf, page is rotated 90 degrees>]
<w.pdf, id=198, 569.12625pt x 273.02pt>
File: w.pdf Graphic file (type pdf)
 <use w.pdf>
Package pdftex.def Info: w.pdf used on input line 448.
(pdftex.def)             Requested size: 284.53638pt x 170.71623pt.

<Pip.pdf, id=199, 569.12625pt x 273.02pt>
File: Pip.pdf Graphic file (type pdf)
 <use Pip.pdf>
Package pdftex.def Info: Pip.pdf used on input line 455.
(pdftex.def)             Requested size: 398.3596pt x 113.80943pt.

<Pim.pdf, id=200, 569.12625pt x 273.02pt>
File: Pim.pdf Graphic file (type pdf)
 <use Pim.pdf>
Package pdftex.def Info: Pim.pdf used on input line 462.
(pdftex.def)             Requested size: 398.3596pt x 113.80943pt.

<P.pdf, id=201, 569.12625pt x 273.02pt>
File: P.pdf Graphic file (type pdf)
 <use P.pdf>
Package pdftex.def Info: P.pdf used on input line 469.
(pdftex.def)             Requested size: 398.3596pt x 113.80943pt.

Underfull \vbox (badness 10000) has occurred while \output is active []

 [13 <./SIM_Pulls_nothing.pdf, page is rotated 90 degrees>] [14] [15 <./Prob_et
afit.pdf, page is rotated 90 degrees> <./w.pdf, page is rotated 90 degrees>]

LaTeX Warning: Text page 16 contains only floats.

[16 <./Pip.pdf, page is rotated 90 degrees> <./Pim.pdf, page is rotated 90 degr
ees> <./P.pdf, page is rotated 90 degrees>]
<gb.pdf, id=455, 569.12625pt x 364.36125pt>
File: gb.pdf Graphic file (type pdf)
 <use gb.pdf>
Package pdftex.def Info: gb.pdf used on input line 506.
(pdftex.def)             Requested size: 398.3596pt x 227.61958pt.
 [17] [18 <./gb.pdf, page is rotated 90 degrees>]

Package amsmath Warning: Cannot use `split' here;
(amsmath)                trying to recover with `aligned' on input line 556.

./note.tex:563: Missing $ inserted.
<inserted text> 
                $
l.563 \\ $\alpha_{1}$ = \int
                            _{Boundary} dX dY
? r
OK, entering \nonstopmode...
./note.tex:564: Missing $ inserted.
<inserted text> 
                $
l.564 \\ $\alpha
                _{2}$ = \int_{Boundary} Y dX dY
I've inserted a begin-math/end-math symbol since I think
you left one out. Proceed, with fingers crossed.

./note.tex:564: Missing $ inserted.
<inserted text> 
                $
l.564 \\ $\alpha_{2}$ = \int
                            _{Boundary} Y dX dY
I've inserted a begin-math/end-math symbol since I think
you left one out. Proceed, with fingers crossed.

./note.tex:565: Missing $ inserted.
<inserted text> 
                $
l.565 \\ $\alpha
                _{3}$ = \int_{Boundary} Y^{2} dX dY
I've inserted a begin-math/end-math symbol since I think
you left one out. Proceed, with fingers crossed.

./note.tex:565: Missing $ inserted.
<inserted text> 
                $
l.565 \\ $\alpha_{3}$ = \int
                            _{Boundary} Y^{2} dX dY
I've inserted a begin-math/end-math symbol since I think
you left one out. Proceed, with fingers crossed.

./note.tex:566: Missing $ inserted.
<inserted text> 
                $
l.566 \\ $\alpha
                _{4}$ = \int_{Boundary} X dX dY
I've inserted a begin-math/end-math symbol since I think
you left one out. Proceed, with fingers crossed.

./note.tex:566: Missing $ inserted.
<inserted text> 
                $
l.566 \\ $\alpha_{4}$ = \int
                            _{Boundary} X dX dY
I've inserted a begin-math/end-math symbol since I think
you left one out. Proceed, with fingers crossed.

./note.tex:567: Missing $ inserted.
<inserted text> 
                $
l.567 \\ $\alpha
                _{5}$ = \int_{Boundary} X^{2} dX dY
I've inserted a begin-math/end-math symbol since I think
you left one out. Proceed, with fingers crossed.

./note.tex:567: Missing $ inserted.
<inserted text> 
                $
l.567 \\ $\alpha_{5}$ = \int
                            _{Boundary} X^{2} dX dY
I've inserted a begin-math/end-math symbol since I think
you left one out. Proceed, with fingers crossed.

./note.tex:568: Missing $ inserted.
<inserted text> 
                $
l.568 
      
I've inserted a begin-math/end-math symbol since I think
you left one out. Proceed, with fingers crossed.

./note.tex:569: Missing $ inserted.
<inserted text> 
                $
l.569 ...aluate the integral $ \alpha_{1}$, \alpha
                                                  _{2}$, \alpha_{3}$, \alpha...
I've inserted a begin-math/end-math symbol since I think
you left one out. Proceed, with fingers crossed.

./note.tex:569: Missing $ inserted.
<inserted text> 
                $
l.569 ...tegral $ \alpha_{1}$, \alpha_{2}$, \alpha
                                                  _{3}$, \alpha_{4}$ and \al...
I've inserted a begin-math/end-math symbol since I think
you left one out. Proceed, with fingers crossed.

./note.tex:569: Missing $ inserted.
<inserted text> 
                $
l.569 ...ha_{1}$, \alpha_{2}$, \alpha_{3}$, \alpha
                                                  _{4}$ and \alpha_{5}$. The...
I've inserted a begin-math/end-math symbol since I think
you left one out. Proceed, with fingers crossed.

./note.tex:569: Missing $ inserted.
<inserted text> 
                $
l.569 ...{2}$, \alpha_{3}$, \alpha_{4}$ and \alpha
                                                  _{5}$. The uniform random ...
I've inserted a begin-math/end-math symbol since I think
you left one out. Proceed, with fingers crossed.

[19] [20]
REFERENCES
Missing character: There is no å in font cmr12!
[21

] (./note.aux)

LaTeX Warning: There were multiply-defined labels.

 ) 
Here is how much of TeX's memory you used:
 4970 strings out of 493089
 71764 string characters out of 6134842
 152589 words of memory out of 5000000
 8192 multiletter control sequences out of 15000+600000
 12444 words of font info for 48 fonts, out of 8000000 for 9000
 1302 hyphenation exceptions out of 8191
 59i,12n,94p,948b,591s stack positions out of 5000i,500n,10000p,200000b,80000s
</usr/local/texlive/2015/texmf-dist/fonts/type1/public/amsfonts/cm/cmbx12.pfb
></usr/local/texlive/2015/texmf-dist/fonts/type1/public/amsfonts/cm/cmcsc10.pfb
></usr/local/texlive/2015/texmf-dist/fonts/type1/public/amsfonts/cm/cmex10.pfb>
</usr/local/texlive/2015/texmf-dist/fonts/type1/public/amsfonts/cm/cmmi12.pfb><
/usr/local/texlive/2015/texmf-dist/fonts/type1/public/amsfonts/cm/cmmi8.pfb></u
sr/local/texlive/2015/texmf-dist/fonts/type1/public/amsfonts/cm/cmr12.pfb></usr
/local/texlive/2015/texmf-dist/fonts/type1/public/amsfonts/cm/cmr6.pfb></usr/lo
cal/texlive/2015/texmf-dist/fonts/type1/public/amsfonts/cm/cmr8.pfb></usr/local
/texlive/2015/texmf-dist/fonts/type1/public/amsfonts/cm/cmr9.pfb></usr/local/te
xlive/2015/texmf-dist/fonts/type1/public/amsfonts/cm/cmsy10.pfb></usr/local/tex
live/2015/texmf-dist/fonts/type1/public/amsfonts/cm/cmsy6.pfb></usr/local/texli
ve/2015/texmf-dist/fonts/type1/public/amsfonts/cm/cmsy8.pfb></usr/local/texlive
/2015/texmf-dist/fonts/type1/public/amsfonts/cm/cmti12.pfb>
Output written on note.pdf (22 pages, 612321 bytes).
PDF statistics:
 557 PDF objects out of 1000 (max. 8388607)
 274 compressed objects within 3 object streams
 0 named destinations out of 1000 (max. 500000)
 56 words of extra memory for PDF output out of 10000 (max. 10000000)

